  ball.cpp
  gameutils.cpp
  main.cpp
  menuutils.cpp
  paddles.cpp
  runprogram.cpp
C:\Users\Aula 1\Downloads\Prueba\TP_PONG_SollimaLuciano\src\menuutils.cpp(15,24): warning C4244: '=': conversión de 'int' a 'float'; posible pérdida de datos
C:\Users\Aula 1\Downloads\Prueba\TP_PONG_SollimaLuciano\src\menuutils.cpp(55,43): warning C4244: 'argumento': conversión de 'float' a 'int'; posible pérdida de datos
C:\Users\Aula 1\Downloads\Prueba\TP_PONG_SollimaLuciano\src\menuutils.cpp(57,45): warning C4244: 'argumento': conversión de 'float' a 'int'; posible pérdida de datos
C:\Users\Aula 1\Downloads\Prueba\TP_PONG_SollimaLuciano\src\menuutils.cpp(59,49): warning C4244: 'argumento': conversión de 'float' a 'int'; posible pérdida de datos
C:\Users\Aula 1\Downloads\Prueba\TP_PONG_SollimaLuciano\src\menuutils.cpp(61,43): warning C4244: 'argumento': conversión de 'float' a 'int'; posible pérdida de datos
  scenes.cpp
  Generando código...
LINK : warning LNK4098: la biblioteca predeterminada'MSVCRT' entra en conflicto con otras bibliotecas; use la biblioteca /NODEFAULTLIB:biblioteca
raylib.lib(rcore.obj) : warning LNK4099: no se encontró PDB '' con 'raylib.lib(rcore.obj)' o en ''; se vinculará el objeto sin tener en cuenta información de depuración
raylib.lib(rglfw.obj) : warning LNK4099: no se encontró PDB '' con 'raylib.lib(rglfw.obj)' o en ''; se vinculará el objeto sin tener en cuenta información de depuración
raylib.lib(rshapes.obj) : warning LNK4099: no se encontró PDB '' con 'raylib.lib(rshapes.obj)' o en ''; se vinculará el objeto sin tener en cuenta información de depuración
raylib.lib(rtext.obj) : warning LNK4099: no se encontró PDB '' con 'raylib.lib(rtext.obj)' o en ''; se vinculará el objeto sin tener en cuenta información de depuración
raylib.lib(rtextures.obj) : warning LNK4099: no se encontró PDB '' con 'raylib.lib(rtextures.obj)' o en ''; se vinculará el objeto sin tener en cuenta información de depuración
raylib.lib(utils.obj) : warning LNK4099: no se encontró PDB '' con 'raylib.lib(utils.obj)' o en ''; se vinculará el objeto sin tener en cuenta información de depuración
  TP_PONG_SollimaLuciano.vcxproj -> C:\Users\Aula 1\Downloads\Prueba\TP_PONG_SollimaLuciano\bin\Debug\TP_PONG_SollimaLuciano.exe
